<?xml version="1.0" encoding="UTF-8"?>
<testsuite xmlns:xsi="http://www.w3.org/2001/XMLSchema-instance" xsi:noNamespaceSchemaLocation="https://maven.apache.org/surefire/maven-surefire-plugin/xsd/surefire-test-report-3.0.xsd" version="3.0" name="com.tfg.restservice.RestServiceApplicationTests" time="5.655" tests="1" errors="0" skipped="0" failures="0">
  <properties>
[...]
</properties>
  <testcase name="contextLoads" classname="com.tfg.restservice.RestServiceApplicationTests" time="0.363">
    <system-out><![CDATA[12:53:46.217 [main] INFO org.springframework.test.context.support.AnnotationConfigContextLoaderUtils -- Could not detect default configuration classes for test class [com.tfg.restservice.RestServiceApplicationTests]: RestServiceApplicationTests does not declare any static, non-private, non-final, nested classes annotated with @Configuration.
12:53:46.305 [main] INFO org.springframework.boot.test.context.SpringBootTestContextBootstrapper -- Found @SpringBootConfiguration com.tfg.restservice.RestServiceApplication for test class com.tfg.restservice.RestServiceApplicationTests

  .   ____          _            __ _ _
 /\\ / ___'_ __ _ _(_)_ __  __ _ \ \ \ \
( ( )\___ | '_ | '_| | '_ \/ _` | \ \ \ \
 \\/  ___)| |_)| | | | | || (_| |  ) ) ) )
  '  |____| .__|_| |_|_| |_\__, | / / / /
 =========|_|==============|___/=/_/_/_/
 :: Spring Boot ::                (v3.1.4)

2023-12-17T12:53:46.627+01:00  INFO 7056 --- [           main] c.t.r.RestServiceApplicationTests        : Starting RestServiceApplicationTests using Java 20.0.1 with PID 7056 (started by sergi in d:\dev\proyectos\tfg\gameManiaAPI)
2023-12-17T12:53:46.628+01:00  INFO 7056 --- [           main] c.t.r.RestServiceApplicationTests        : No active profile set, falling back to 1 default profile: "default"
2023-12-17T12:53:47.123+01:00  INFO 7056 --- [           main] .s.d.r.c.RepositoryConfigurationDelegate : Bootstrapping Spring Data JPA repositories in DEFAULT mode.
2023-12-17T12:53:47.200+01:00  INFO 7056 --- [           main] .s.d.r.c.RepositoryConfigurationDelegate : Finished Spring Data repository scanning in 70 ms. Found 15 JPA repository interfaces.
2023-12-17T12:53:47.564+01:00  INFO 7056 --- [           main] o.hibernate.jpa.internal.util.LogHelper  : HHH000204: Processing PersistenceUnitInfo [name: default]
2023-12-17T12:53:47.622+01:00  INFO 7056 --- [           main] org.hibernate.Version                    : HHH000412: Hibernate ORM core version 6.2.9.Final
2023-12-17T12:53:47.623+01:00  INFO 7056 --- [           main] org.hibernate.cfg.Environment            : HHH000406: Using bytecode reflection optimizer
2023-12-17T12:53:47.818+01:00  INFO 7056 --- [           main] o.h.b.i.BytecodeProviderInitiator        : HHH000021: Bytecode provider name : bytebuddy
2023-12-17T12:53:47.925+01:00  INFO 7056 --- [           main] o.s.o.j.p.SpringPersistenceUnitInfo      : No LoadTimeWeaver setup: ignoring JPA class transformer
2023-12-17T12:53:47.938+01:00  INFO 7056 --- [           main] com.zaxxer.hikari.HikariDataSource       : HikariPool-1 - Starting...
2023-12-17T12:53:48.323+01:00  INFO 7056 --- [           main] com.zaxxer.hikari.pool.HikariPool        : HikariPool-1 - Added connection com.mysql.cj.jdbc.ConnectionImpl@68e24e7
2023-12-17T12:53:48.325+01:00  INFO 7056 --- [           main] com.zaxxer.hikari.HikariDataSource       : HikariPool-1 - Start completed.
2023-12-17T12:53:48.616+01:00  INFO 7056 --- [           main] o.h.b.i.BytecodeProviderInitiator        : HHH000021: Bytecode provider name : bytebuddy
2023-12-17T12:53:49.239+01:00  INFO 7056 --- [           main] o.h.e.t.j.p.i.JtaPlatformInitiator       : HHH000490: Using JtaPlatform implementation: [org.hibernate.engine.transaction.jta.platform.internal.NoJtaPlatform]
Hibernate: alter table account drop foreign key FKavnmwi8ep5x0fwe8ln6c1qmov
Hibernate: alter table credit_card drop foreign key FKh4wi9724muee2kp2c4ku1yia2
Hibernate: alter table game_genre drop foreign key FKfgiexxwmferkxqbwbjs989ea9
Hibernate: alter table game_genre drop foreign key FKj47t9lfhtj14lsg346bo3vujv
Hibernate: alter table game_platform drop foreign key FK8ac70j8dic3po6vpmytx17bjl
Hibernate: alter table game_platform drop foreign key FK41jgum716ebufujj784qyop5r
Hibernate: alter table purchase drop foreign key FKdy7v556ts4pyi0qhrak3oglre
Hibernate: alter table purchase_detail drop foreign key FKa87v0qo8eacfmiyrg0sim01d8
Hibernate: alter table purchase_detail drop foreign key FK65hoe4yy1817l2vm74msb8eq5
Hibernate: alter table review drop foreign key FKqqxxwdsxhhxc7t2ho2acg2m4p
Hibernate: alter table review drop foreign key FKiyf57dy48lyiftdrf7y87rnxi
Hibernate: alter table sale drop foreign key FKck1t4noryw58a6jcju0pmj38
Hibernate: alter table sale_detail drop foreign key FK10iqm2l0indvo2ek2wd3twjia
Hibernate: alter table sale_detail drop foreign key FKgnpg9v1mvi1nyhc18vdcyuh98
Hibernate: alter table user drop foreign key FKddefmvbrws3hvl5t0hnnsv8ox
Hibernate: alter table user drop foreign key FKn82ha3ccdebhokx3a8fgdqeyy
Hibernate: alter table user drop foreign key FKks3x6f57anwkc8h2tkw51ikbi
Hibernate: drop table if exists account
Hibernate: drop table if exists address
Hibernate: drop table if exists credit_card
Hibernate: drop table if exists game
Hibernate: drop table if exists game_genre
Hibernate: drop table if exists game_platform
Hibernate: drop table if exists genre
Hibernate: drop table if exists platform
Hibernate: drop table if exists provider
Hibernate: drop table if exists purchase
Hibernate: drop table if exists purchase_detail
Hibernate: drop table if exists review
Hibernate: drop table if exists role
Hibernate: drop table if exists sale
Hibernate: drop table if exists sale_detail
Hibernate: drop table if exists social
Hibernate: drop table if exists user
Hibernate: create table account (account_balance decimal(38,2), account_id binary(16) not null, provider_id binary(16), account_holder_name varchar(255), account_number varchar(255), bank_address varchar(255), bank_name varchar(255), bank_routing_number varchar(255), primary key (account_id)) engine=InnoDB
Hibernate: create table address (address_id binary(16) not null, city varchar(255), country varchar(255), postal_code varchar(255), state varchar(255), street_address varchar(255), primary key (address_id)) engine=InnoDB
Hibernate: create table credit_card (expiration_date date, credit_card_id binary(16) not null, user_id binary(16) not null, billing_address varchar(255), card_number varchar(255), cardholder_name varchar(255), cvv varchar(255), primary key (credit_card_id)) engine=InnoDB
Hibernate: create table game (number_of_sales integer, price decimal(10,2) not null, release_date date, stock integer, total_score decimal(3,1), game_id binary(16) not null, description TEXT, image varchar(255), title varchar(255) not null, primary key (game_id)) engine=InnoDB
Hibernate: create table game_genre (game_id binary(16) not null, genre_id binary(16) not null) engine=InnoDB
Hibernate: create table game_platform (game_id binary(16) not null, platform_id binary(16) not null) engine=InnoDB
Hibernate: create table genre (genre_id binary(16) not null, name varchar(255), primary key (genre_id)) engine=InnoDB
Hibernate: create table platform (platform_id binary(16) not null, name varchar(255), primary key (platform_id)) engine=InnoDB
Hibernate: create table provider (provider_id binary(16) not null, address varchar(255), email varchar(255), name varchar(255), phone varchar(255), primary key (provider_id)) engine=InnoDB
Hibernate: create table purchase (purchase_date date, total_amount decimal(10,2), provider_id binary(16), purchase_id binary(16) not null, primary key (purchase_id)) engine=InnoDB
Hibernate: create table purchase_detail (quantity integer, subtotal decimal(38,2), game_id binary(16), purchase_detail_id binary(16) not null, purchase_id binary(16), primary key (purchase_detail_id)) engine=InnoDB
Hibernate: create table review (score decimal(3,1), game_id binary(16), review_id binary(16) not null, user_id binary(16), comment TEXT, primary key (review_id)) engine=InnoDB
Hibernate: create table role (role_id binary(16) not null, name varchar(255), primary key (role_id)) engine=InnoDB
Hibernate: create table sale (sale_date date, total_amount decimal(10,2), sale_id binary(16) not null, user_id binary(16), primary key (sale_id)) engine=InnoDB
Hibernate: create table sale_detail (quantity integer, subtotal decimal(38,2), game_id binary(16), sale_detail_id binary(16) not null, sale_id binary(16), primary key (sale_detail_id)) engine=InnoDB
Hibernate: create table social (social_id binary(16) not null, discord_tag varchar(255), steam_url varchar(255), twitch_url varchar(255), youtube_url varchar(255), primary key (social_id)) engine=InnoDB
Hibernate: create table user (address_id binary(16), role_id binary(16), social_id binary(16), user_id binary(16) not null, email varchar(255), first_name varchar(255), last_name varchar(255), password varchar(255), phone varchar(255), profile_pic varchar(255), username varchar(255), primary key (user_id)) engine=InnoDB
Hibernate: alter table user add constraint UK_dhlcfg8h1drrgu0irs1ro3ohb unique (address_id)
Hibernate: alter table user add constraint UK_m3tiv2iugdximo00e50thjcbh unique (social_id)
Hibernate: alter table account add constraint FKavnmwi8ep5x0fwe8ln6c1qmov foreign key (provider_id) references provider (provider_id)
Hibernate: alter table credit_card add constraint FKh4wi9724muee2kp2c4ku1yia2 foreign key (user_id) references user (user_id)
Hibernate: alter table game_genre add constraint FKfgiexxwmferkxqbwbjs989ea9 foreign key (genre_id) references genre (genre_id)
Hibernate: alter table game_genre add constraint FKj47t9lfhtj14lsg346bo3vujv foreign key (game_id) references game (game_id)
Hibernate: alter table game_platform add constraint FK8ac70j8dic3po6vpmytx17bjl foreign key (platform_id) references platform (platform_id)
Hibernate: alter table game_platform add constraint FK41jgum716ebufujj784qyop5r foreign key (game_id) references game (game_id)
Hibernate: alter table purchase add constraint FKdy7v556ts4pyi0qhrak3oglre foreign key (provider_id) references provider (provider_id)
Hibernate: alter table purchase_detail add constraint FKa87v0qo8eacfmiyrg0sim01d8 foreign key (game_id) references game (game_id)
Hibernate: alter table purchase_detail add constraint FK65hoe4yy1817l2vm74msb8eq5 foreign key (purchase_id) references purchase (purchase_id)
Hibernate: alter table review add constraint FKqqxxwdsxhhxc7t2ho2acg2m4p foreign key (game_id) references game (game_id)
Hibernate: alter table review add constraint FKiyf57dy48lyiftdrf7y87rnxi foreign key (user_id) references user (user_id)
Hibernate: alter table sale add constraint FKck1t4noryw58a6jcju0pmj38 foreign key (user_id) references user (user_id)
Hibernate: alter table sale_detail add constraint FK10iqm2l0indvo2ek2wd3twjia foreign key (game_id) references game (game_id)
Hibernate: alter table sale_detail add constraint FKgnpg9v1mvi1nyhc18vdcyuh98 foreign key (sale_id) references sale (sale_id)
Hibernate: alter table user add constraint FKddefmvbrws3hvl5t0hnnsv8ox foreign key (address_id) references address (address_id)
Hibernate: alter table user add constraint FKn82ha3ccdebhokx3a8fgdqeyy foreign key (role_id) references role (role_id)
Hibernate: alter table user add constraint FKks3x6f57anwkc8h2tkw51ikbi foreign key (social_id) references social (social_id)
2023-12-17T12:53:50.298+01:00  INFO 7056 --- [           main] j.LocalContainerEntityManagerFactoryBean : Initialized JPA EntityManagerFactory for persistence unit 'default'
2023-12-17T12:53:50.993+01:00  WARN 7056 --- [           main] JpaBaseConfiguration$JpaWebConfiguration : spring.jpa.open-in-view is enabled by default. Therefore, database queries may be performed during view rendering. Explicitly configure spring.jpa.open-in-view to disable this warning
2023-12-17T12:53:51.360+01:00  INFO 7056 --- [           main] c.t.r.RestServiceApplicationTests        : Started RestServiceApplicationTests in 4.936 seconds (process running for 5.656)
]]></system-out>
  </testcase>
</testsuite>